  Assembling Function.asm...
  dllmain.cpp
C:\Users\Administrator\Desktop\PUBG_EgnineDraw\PUBG_EgnineDraw\dllmain.cpp(349,1): fatal  error C1010: 在查找预编译头时遇到意外的文件结尾。是否忘记了向源中添加“#include "pch.h"”?
  Draw.cpp
C:\Users\Administrator\Desktop\PUBG_EgnineDraw\PUBG_EgnineDraw\Draw.cpp(309,1): fatal  error C1010: 在查找预编译头时遇到意外的文件结尾。是否忘记了向源中添加“#include "pch.h"”?
  Engine.cpp
C:\Users\Administrator\Desktop\PUBG_EgnineDraw\PUBG_EgnineDraw\Engine.cpp(1241,1): fatal  error C1010: 在查找预编译头时遇到意外的文件结尾。是否忘记了向源中添加“#include "pch.h"”?
  Func.cpp
C:\Users\Administrator\Desktop\PUBG_EgnineDraw\PUBG_EgnineDraw\Func.cpp(141,1): fatal  error C1010: 在查找预编译头时遇到意外的文件结尾。是否忘记了向源中添加“#include "pch.h"”?
  GameHack.cpp
C:\Users\Administrator\Desktop\PUBG_EgnineDraw\PUBG_EgnineDraw\GameHack.cpp(1472,1): fatal  error C1010: 在查找预编译头时遇到意外的文件结尾。是否忘记了向源中添加“#include "pch.h"”?
  matrix.cpp
C:\Users\Administrator\Desktop\PUBG_EgnineDraw\PUBG_EgnineDraw\ue4math\matrix.cpp(82,1): fatal  error C1010: 在查找预编译头时遇到意外的文件结尾。是否忘记了向源中添加“#include "pch.h"”?
  quat.cpp
C:\Users\Administrator\Desktop\PUBG_EgnineDraw\PUBG_EgnineDraw\ue4math\quat.cpp(82,1): fatal  error C1010: 在查找预编译头时遇到意外的文件结尾。是否忘记了向源中添加“#include "pch.h"”?
  rotator.cpp
C:\Users\Administrator\Desktop\PUBG_EgnineDraw\PUBG_EgnineDraw\ue4math\rotator.cpp(111,1): fatal  error C1010: 在查找预编译头时遇到意外的文件结尾。是否忘记了向源中添加“#include "pch.h"”?
  transform.cpp
C:\Users\Administrator\Desktop\PUBG_EgnineDraw\PUBG_EgnineDraw\ue4math\transform.cpp(211,1): fatal  error C1010: 在查找预编译头时遇到意外的文件结尾。是否忘记了向源中添加“#include "pch.h"”?
  vector.cpp
C:\Users\Administrator\Desktop\PUBG_EgnineDraw\PUBG_EgnineDraw\ue4math\vector.cpp(11,1): fatal  error C1010: 在查找预编译头时遇到意外的文件结尾。是否忘记了向源中添加“#include "pch.h"”?
  正在生成代码...
